2018-03-21 15:36:51 INFO  core_basic:35 - Chrome Browser Launched successfully
2018-03-21 15:37:02 INFO  Login_valid:27 - Login successful with valid credentials
2018-03-21 15:46:26 INFO  core_basic:35 - Chrome Browser Launched successfully
2018-03-21 15:46:35 INFO  Login_valid:27 - Login successful with valid credentials
2018-03-21 15:46:35 INFO  Login_Invalid:24 - Navigating to logout dropdown
2018-03-21 15:46:39 INFO  Login_Invalid:28 - logout from the application successfully
2018-03-21 15:46:40 INFO  Login_Invalid:37 - Login Test with invalid credentials is case working fine
2018-03-21 15:46:43 INFO  Login_valid:27 - Login successful with valid credentials
2018-03-21 15:46:43 INFO  Pagetitle:24 - called valid login method
2018-03-21 15:46:43 INFO  Pagetitle:30 - Pagetitle has successfully verified
2018-03-21 17:04:52 INFO  core_basic:48 - Chrome Browser Launched successfully
2018-03-21 17:04:59 INFO  Login_valid:30 - Login successful with valid credentials
2018-03-21 17:04:59 INFO  Login_Invalid:25 - Navigating to logout dropdown
2018-03-21 17:05:03 INFO  Login_Invalid:29 - logout from the application successfully
2018-03-21 17:05:04 INFO  Login_Invalid:38 - Login Test with invalid credentials is case working fine
2018-03-21 17:05:06 INFO  Login_valid:30 - Login successful with valid credentials
2018-03-21 17:05:06 INFO  Pagetitle:27 - called valid login method
2018-03-21 17:05:06 INFO  Pagetitle:33 - Pagetitle has successfully verified
2018-03-21 17:14:11 INFO  core_basic:48 - Chrome Browser Launched successfully
2018-03-21 17:14:19 INFO  Login_valid:30 - Login successful with valid credentials
2018-03-21 17:14:19 INFO  Login_Invalid:25 - Navigating to logout dropdown
2018-03-21 17:14:23 INFO  Login_Invalid:29 - logout from the application successfully
2018-03-21 17:14:24 INFO  Login_Invalid:38 - Login Test with invalid credentials is case working fine
2018-03-21 17:14:26 INFO  Login_valid:30 - Login successful with valid credentials
2018-03-21 17:14:26 INFO  Pagetitle:27 - called valid login method
2018-03-21 17:14:26 INFO  Pagetitle:33 - Pagetitle has successfully verified
2018-03-21 17:18:09 INFO  core_basic:48 - Chrome Browser Launched successfully
2018-03-21 17:18:17 INFO  Login_valid:30 - Login successful with valid credentials
2018-03-21 17:18:17 INFO  Login_Invalid:25 - Navigating to logout dropdown
2018-03-21 17:18:21 INFO  Login_Invalid:29 - logout from the application successfully
2018-03-21 17:18:22 INFO  Login_Invalid:38 - Login Test with invalid credentials is case working fine
2018-03-21 17:18:24 INFO  Login_valid:30 - Login successful with valid credentials
2018-03-21 17:18:24 INFO  Pagetitle:27 - called valid login method
2018-03-21 17:18:24 INFO  Pagetitle:33 - Pagetitle has successfully verified
2018-03-21 17:19:26 INFO  core_basic:48 - Chrome Browser Launched successfully
2018-03-21 17:19:33 INFO  Login_valid:30 - Login successful with valid credentials
2018-03-21 17:19:33 INFO  Login_Invalid:25 - Navigating to logout dropdown
2018-03-21 17:19:37 INFO  Login_Invalid:29 - logout from the application successfully
2018-03-21 17:19:38 INFO  Login_Invalid:38 - Login Test with invalid credentials is case working fine
2018-03-21 17:19:40 INFO  Login_valid:30 - Login successful with valid credentials
2018-03-21 17:19:40 INFO  Pagetitle:27 - called valid login method
2018-03-21 17:19:40 INFO  Pagetitle:33 - Pagetitle has successfully verified
2018-03-21 17:19:46 INFO  User_Creation:30 - Creating new user
2018-03-21 17:19:47 INFO  Dropdownlist:28 - Element_Dropdown: [[ChromeDriver: chrome on XP (d9f39906f0e3931c648adca5124531a5)] -> xpath: //select[@id='systemUser_userType']]Value Admin
2018-03-21 17:19:47 INFO  Dropdownlist:28 - Element_Dropdown: [[ChromeDriver: chrome on XP (d9f39906f0e3931c648adca5124531a5)] -> xpath: //select[starts-with(@id,'systemUser_status')]]Value Enabled
2018-03-21 18:16:42 INFO  core_basic:48 - Chrome Browser Launched successfully
2018-03-21 18:16:50 INFO  Login_valid:30 - Login successful with valid credentials
2018-03-21 18:16:50 INFO  Login_Invalid:25 - Navigating to logout dropdown
2018-03-21 18:16:54 INFO  Login_Invalid:29 - logout from the application successfully
2018-03-21 18:16:55 INFO  Login_Invalid:38 - Login Test with invalid credentials is case working fine
2018-03-21 18:16:57 INFO  Login_valid:30 - Login successful with valid credentials
2018-03-21 18:16:57 INFO  Pagetitle:27 - called valid login method
2018-03-21 18:16:57 INFO  Pagetitle:33 - Pagetitle has successfully verified
2018-03-21 18:17:02 INFO  User_Creation:30 - Creating new user
2018-03-21 18:17:03 INFO  Dropdownlist:28 - Element_Dropdown: [[ChromeDriver: chrome on XP (b8657ae9493b3f416ff792cfeeee7054)] -> xpath: //select[@id='systemUser_userType']]Value Admin
2018-03-21 18:17:03 INFO  Dropdownlist:28 - Element_Dropdown: [[ChromeDriver: chrome on XP (b8657ae9493b3f416ff792cfeeee7054)] -> xpath: //select[starts-with(@id,'systemUser_status')]]Value Enabled
2018-03-21 18:18:13 INFO  core_basic:48 - Chrome Browser Launched successfully
2018-03-21 18:18:23 INFO  Login_valid:30 - Login successful with valid credentials
2018-03-21 18:18:23 INFO  Login_Invalid:25 - Navigating to logout dropdown
2018-03-21 18:18:27 INFO  Login_Invalid:29 - logout from the application successfully
2018-03-21 18:18:28 INFO  Login_Invalid:38 - Login Test with invalid credentials is case working fine
2018-03-21 18:18:30 INFO  Login_valid:30 - Login successful with valid credentials
2018-03-21 18:18:30 INFO  Pagetitle:27 - called valid login method
2018-03-21 18:18:31 INFO  Pagetitle:33 - Pagetitle has successfully verified
2018-03-21 18:18:36 INFO  User_Creation:30 - Creating new user
2018-03-21 18:18:37 INFO  Dropdownlist:28 - Element_Dropdown: [[ChromeDriver: chrome on XP (97c5178598a4b75c08d5569018de2248)] -> xpath: //select[@id='systemUser_userType']]Value Admin
2018-03-21 18:18:37 INFO  Dropdownlist:28 - Element_Dropdown: [[ChromeDriver: chrome on XP (97c5178598a4b75c08d5569018de2248)] -> xpath: //select[starts-with(@id,'systemUser_status')]]Value Enabled
2018-03-21 21:03:58 INFO  core_basic:48 - Chrome Browser Launched successfully
2018-03-21 21:04:05 INFO  Login_valid:30 - Login successful with valid credentials
2018-03-21 21:04:05 INFO  Login_Invalid:25 - Navigating to logout dropdown
2018-03-21 21:04:09 INFO  Login_Invalid:29 - logout from the application successfully
2018-03-21 21:04:10 INFO  Login_Invalid:38 - Login Test with invalid credentials is case working fine
2018-03-21 21:04:12 INFO  Login_valid:30 - Login successful with valid credentials
2018-03-21 21:04:12 INFO  Pagetitle:27 - called valid login method
2018-03-21 21:04:12 INFO  Pagetitle:33 - Pagetitle has successfully verified
2018-03-28 23:13:50 INFO  core_basic:48 - Chrome Browser Launched successfully
2018-03-28 23:13:55 ERROR Login_valid:35 - Login is not successful with valid credentials
2018-03-28 23:14:06 ERROR Login_valid:35 - Login is not successful with valid credentials
2018-03-28 23:14:06 INFO  Pagetitle:27 - called valid login method
2018-03-28 23:14:06 INFO  Pagetitle:33 - Pagetitle has successfully verified
2018-03-28 23:20:33 INFO  core_basic:48 - Chrome Browser Launched successfully
2018-03-28 23:20:37 ERROR Login_valid:35 - Login is not successful with valid credentials
2018-03-28 23:20:50 ERROR Login_valid:35 - Login is not successful with valid credentials
2018-03-28 23:20:50 INFO  Pagetitle:27 - called valid login method
2018-03-28 23:20:50 INFO  Pagetitle:33 - Pagetitle has successfully verified
